0 info it worked if it ends with ok
1 verbose cli [ '/usr/bin/nodejs', '/usr/bin/npm', 'run', 'dev' ]
2 info using npm@3.10.10
3 info using node@v6.9.5
4 verbose run-script [ 'predev', 'dev', 'postdev' ]
5 info lifecycle sen.js@1.0.0~predev: sen.js@1.0.0
6 silly lifecycle sen.js@1.0.0~predev: no script for predev, continuing
7 info lifecycle sen.js@1.0.0~dev: sen.js@1.0.0
8 verbose lifecycle sen.js@1.0.0~dev: unsafe-perm in lifecycle true
9 verbose lifecycle sen.js@1.0.0~dev: PATH: /usr/lib/node_modules/npm/bin/node-gyp-bin:/home/kapi/Documents/enjs/node_modules/.bin:/home/kapi/bin:/home/kapi/.local/bin:/usr/local/sbin:/usr/local/bin:/usr/sbin:/usr/bin:/sbin:/bin:/usr/games:/usr/local/games:/snap/bin
10 verbose lifecycle sen.js@1.0.0~dev: CWD: /home/kapi/Documents/enjs
11 silly lifecycle sen.js@1.0.0~dev: Args: [ '-c', 'babel & server' ]
12 info lifecycle sen.js@1.0.0~dev: Failed to exec dev script
13 verbose stack Error: sen.js@1.0.0 dev: `babel & server`
13 verbose stack spawn ENOENT
13 verbose stack     at ChildProcess.<anonymous> (/usr/lib/node_modules/npm/lib/utils/spawn.js:33:16)
13 verbose stack     at emitTwo (events.js:106:13)
13 verbose stack     at ChildProcess.emit (events.js:191:7)
13 verbose stack     at maybeClose (internal/child_process.js:877:16)
13 verbose stack     at Process.ChildProcess._handle.onexit (internal/child_process.js:226:5)
14 verbose pkgid sen.js@1.0.0
15 verbose cwd /home/kapi/Documents/enjs
16 error Linux 4.4.0-59-generic
17 error argv "/usr/bin/nodejs" "/usr/bin/npm" "run" "dev"
18 error node v6.9.5
19 error npm  v3.10.10
20 error file sh
21 error code ELIFECYCLE
22 error errno ENOENT
23 error syscall spawn
24 error sen.js@1.0.0 dev: `babel & server`
24 error spawn ENOENT
25 error Failed at the sen.js@1.0.0 dev script 'babel & server'.
25 error Make sure you have the latest version of node.js and npm installed.
25 error If you do, this is most likely a problem with the sen.js package,
25 error not with npm itself.
25 error Tell the author that this fails on your system:
25 error     babel & server
25 error You can get information on how to open an issue for this project with:
25 error     npm bugs sen.js
25 error Or if that isn't available, you can get their info via:
25 error     npm owner ls sen.js
25 error There is likely additional logging output above.
26 verbose exit [ 1, true ]
